The target system is: Linux-CXX -  - 
The host system is: Linux - 4.10.0-38-generic - x86_64
Compiling the C compiler identification source file "CMakeCCompilerId.c" succeeded.
Compiler: /home/pengfei/riscv/ri5cy_gnu_toolchain/install/bin//riscv32-unknown-elf-gcc 
Build flags: -O3;-m32;-g
Id flags: 

The output was:
0


Compilation of the C compiler identification source "CMakeCCompilerId.c" produced "a.out"

The C compiler identification is GNU, found in "/home/pengfei/artix7-dev/sw/build/CMakeFiles/3.5.1/CompilerIdC/a.out"

Compiling the CXX compiler identification source file "CMakeCXXCompilerId.cpp" succeeded.
Compiler: /home/pengfei/riscv/ri5cy_gnu_toolchain/install/bin/riscv32-unknown-elf-c++ 
Build flags: 
Id flags: 

The output was:
0


Compilation of the CXX compiler identification source "CMakeCXXCompilerId.cpp" produced "a.out"

The CXX compiler identification is GNU, found in "/home/pengfei/artix7-dev/sw/build/CMakeFiles/3.5.1/CompilerIdCXX/a.out"

Determining if the C compiler works passed with the following output:
Change Dir: /home/pengfei/artix7-dev/sw/build/CMakeFiles/CMakeTmp

Run Build Command:"/usr/bin/make" "cmTC_466d5/fast"
/usr/bin/make -f CMakeFiles/cmTC_466d5.dir/build.make CMakeFiles/cmTC_466d5.dir/build
make[1]: Entering directory '/home/pengfei/artix7-dev/sw/build/CMakeFiles/CMakeTmp'
Building C object CMakeFiles/cmTC_466d5.dir/testCCompiler.c.o
/home/pengfei/riscv/ri5cy_gnu_toolchain/install/bin//riscv32-unknown-elf-gcc    -O3 -m32 -g    -o CMakeFiles/cmTC_466d5.dir/testCCompiler.c.o   -c /home/pengfei/artix7-dev/sw/build/CMakeFiles/CMakeTmp/testCCompiler.c
Linking C executable cmTC_466d5
/usr/bin/cmake -E cmake_link_script CMakeFiles/cmTC_466d5.dir/link.txt --verbose=1
/home/pengfei/riscv/ri5cy_gnu_toolchain/install/bin//riscv32-unknown-elf-gcc  -O3 -m32 -g     CMakeFiles/cmTC_466d5.dir/testCCompiler.c.o  -o cmTC_466d5  
make[1]: Leaving directory '/home/pengfei/artix7-dev/sw/build/CMakeFiles/CMakeTmp'


Detecting C compiler ABI info compiled with the following output:
Change Dir: /home/pengfei/artix7-dev/sw/build/CMakeFiles/CMakeTmp

Run Build Command:"/usr/bin/make" "cmTC_25872/fast"
/usr/bin/make -f CMakeFiles/cmTC_25872.dir/build.make CMakeFiles/cmTC_25872.dir/build
make[1]: Entering directory '/home/pengfei/artix7-dev/sw/build/CMakeFiles/CMakeTmp'
Building C object CMakeFiles/cmTC_25872.dir/CMakeCCompilerABI.c.o
/home/pengfei/riscv/ri5cy_gnu_toolchain/install/bin//riscv32-unknown-elf-gcc    -O3 -m32 -g    -o CMakeFiles/cmTC_25872.dir/CMakeCCompilerABI.c.o   -c /usr/share/cmake-3.5/Modules/CMakeCCompilerABI.c
Linking C executable cmTC_25872
/usr/bin/cmake -E cmake_link_script CMakeFiles/cmTC_25872.dir/link.txt --verbose=1
/home/pengfei/riscv/ri5cy_gnu_toolchain/install/bin//riscv32-unknown-elf-gcc  -O3 -m32 -g    -v CMakeFiles/cmTC_25872.dir/CMakeCCompilerABI.c.o  -o cmTC_25872   
Using built-in specs.
COLLECT_GCC=/home/pengfei/riscv/ri5cy_gnu_toolchain/install/bin//riscv32-unknown-elf-gcc
COLLECT_LTO_WRAPPER=/home/pengfei/riscv/ri5cy_gnu_toolchain/install/bin/../libexec/gcc/riscv32-unknown-elf/5.2.0/lto-wrapper
Target: riscv32-unknown-elf
Configured with: /home/fyh/riscv/ri5cy_gnu_toolchain/build/src/newlib-gcc/configure --target=riscv32-unknown-elf --prefix=/home/fyh/riscv/ri5cy_gnu_toolchain/install --disable-shared --disable-threads --enable-tls --enable-languages=c,c++ --with-newlib --disable-libmudflap --disable-libssp --disable-libquadmath --disable-libgomp --disable-nls --disable-multilib --with-arch=IM
Thread model: single
gcc version 5.2.0 (GCC) 
COMPILER_PATH=/home/pengfei/riscv/ri5cy_gnu_toolchain/install/bin/../libexec/gcc/riscv32-unknown-elf/5.2.0/:/home/pengfei/riscv/ri5cy_gnu_toolchain/install/bin/../libexec/gcc/:/home/pengfei/riscv/ri5cy_gnu_toolchain/install/bin/../lib/gcc/riscv32-unknown-elf/5.2.0/../../../../riscv32-unknown-elf/bin/
LIBRARY_PATH=/home/pengfei/riscv/ri5cy_gnu_toolchain/install/bin/../lib/gcc/riscv32-unknown-elf/5.2.0/:/home/pengfei/riscv/ri5cy_gnu_toolchain/install/bin/../lib/gcc/:/home/pengfei/riscv/ri5cy_gnu_toolchain/install/bin/../lib/gcc/riscv32-unknown-elf/5.2.0/../../../../riscv32-unknown-elf/lib/
COLLECT_GCC_OPTIONS='-O3' '-m32' '-g' '-v' '-o' 'cmTC_25872' '-march=IM'
 /home/pengfei/riscv/ri5cy_gnu_toolchain/install/bin/../libexec/gcc/riscv32-unknown-elf/5.2.0/collect2 -plugin /home/pengfei/riscv/ri5cy_gnu_toolchain/install/bin/../libexec/gcc/riscv32-unknown-elf/5.2.0/liblto_plugin.so -plugin-opt=/home/pengfei/riscv/ri5cy_gnu_toolchain/install/bin/../libexec/gcc/riscv32-unknown-elf/5.2.0/lto-wrapper -plugin-opt=-fresolution=/tmp/ccL49T1f.res -plugin-opt=-pass-through=-lgcc -plugin-opt=-pass-through=-lgcc -dT riscv.ld -melf32lriscv --march=IM -o cmTC_25872 /home/pengfei/riscv/ri5cy_gnu_toolchain/install/bin/../lib/gcc/riscv32-unknown-elf/5.2.0/../../../../riscv32-unknown-elf/lib/crt0.o /home/pengfei/riscv/ri5cy_gnu_toolchain/install/bin/../lib/gcc/riscv32-unknown-elf/5.2.0/crtbegin.o -L/home/pengfei/riscv/ri5cy_gnu_toolchain/install/bin/../lib/gcc/riscv32-unknown-elf/5.2.0 -L/home/pengfei/riscv/ri5cy_gnu_toolchain/install/bin/../lib/gcc -L/home/pengfei/riscv/ri5cy_gnu_toolchain/install/bin/../lib/gcc/riscv32-unknown-elf/5.2.0/../../../../riscv32-unknown-elf/lib CMakeFiles/cmTC_25872.dir/CMakeCCompilerABI.c.o -lgcc -lgcc /home/pengfei/riscv/ri5cy_gnu_toolchain/install/bin/../lib/gcc/riscv32-unknown-elf/5.2.0/crtend.o
make[1]: Leaving directory '/home/pengfei/artix7-dev/sw/build/CMakeFiles/CMakeTmp'


Parsed C implicit link information from above output:
  link line regex: [^( *|.*[/\])(riscv32-unknown-elf-ld|([^/\]+-)?ld|collect2)[^/\]*( |$)]
  ignore line: [Change Dir: /home/pengfei/artix7-dev/sw/build/CMakeFiles/CMakeTmp]
  ignore line: []
  ignore line: [Run Build Command:"/usr/bin/make" "cmTC_25872/fast"]
  ignore line: [/usr/bin/make -f CMakeFiles/cmTC_25872.dir/build.make CMakeFiles/cmTC_25872.dir/build]
  ignore line: [make[1]: Entering directory '/home/pengfei/artix7-dev/sw/build/CMakeFiles/CMakeTmp']
  ignore line: [Building C object CMakeFiles/cmTC_25872.dir/CMakeCCompilerABI.c.o]
  ignore line: [/home/pengfei/riscv/ri5cy_gnu_toolchain/install/bin//riscv32-unknown-elf-gcc    -O3 -m32 -g    -o CMakeFiles/cmTC_25872.dir/CMakeCCompilerABI.c.o   -c /usr/share/cmake-3.5/Modules/CMakeCCompilerABI.c]
  ignore line: [Linking C executable cmTC_25872]
  ignore line: [/usr/bin/cmake -E cmake_link_script CMakeFiles/cmTC_25872.dir/link.txt --verbose=1]
  ignore line: [/home/pengfei/riscv/ri5cy_gnu_toolchain/install/bin//riscv32-unknown-elf-gcc  -O3 -m32 -g    -v CMakeFiles/cmTC_25872.dir/CMakeCCompilerABI.c.o  -o cmTC_25872   ]
  ignore line: [Using built-in specs.]
  ignore line: [COLLECT_GCC=/home/pengfei/riscv/ri5cy_gnu_toolchain/install/bin//riscv32-unknown-elf-gcc]
  ignore line: [COLLECT_LTO_WRAPPER=/home/pengfei/riscv/ri5cy_gnu_toolchain/install/bin/../libexec/gcc/riscv32-unknown-elf/5.2.0/lto-wrapper]
  ignore line: [Target: riscv32-unknown-elf]
  ignore line: [Configured with: /home/fyh/riscv/ri5cy_gnu_toolchain/build/src/newlib-gcc/configure --target=riscv32-unknown-elf --prefix=/home/fyh/riscv/ri5cy_gnu_toolchain/install --disable-shared --disable-threads --enable-tls --enable-languages=c,c++ --with-newlib --disable-libmudflap --disable-libssp --disable-libquadmath --disable-libgomp --disable-nls --disable-multilib --with-arch=IM]
  ignore line: [Thread model: single]
  ignore line: [gcc version 5.2.0 (GCC) ]
  ignore line: [COMPILER_PATH=/home/pengfei/riscv/ri5cy_gnu_toolchain/install/bin/../libexec/gcc/riscv32-unknown-elf/5.2.0/:/home/pengfei/riscv/ri5cy_gnu_toolchain/install/bin/../libexec/gcc/:/home/pengfei/riscv/ri5cy_gnu_toolchain/install/bin/../lib/gcc/riscv32-unknown-elf/5.2.0/../../../../riscv32-unknown-elf/bin/]
  ignore line: [LIBRARY_PATH=/home/pengfei/riscv/ri5cy_gnu_toolchain/install/bin/../lib/gcc/riscv32-unknown-elf/5.2.0/:/home/pengfei/riscv/ri5cy_gnu_toolchain/install/bin/../lib/gcc/:/home/pengfei/riscv/ri5cy_gnu_toolchain/install/bin/../lib/gcc/riscv32-unknown-elf/5.2.0/../../../../riscv32-unknown-elf/lib/]
  ignore line: [COLLECT_GCC_OPTIONS='-O3' '-m32' '-g' '-v' '-o' 'cmTC_25872' '-march=IM']
  link line: [ /home/pengfei/riscv/ri5cy_gnu_toolchain/install/bin/../libexec/gcc/riscv32-unknown-elf/5.2.0/collect2 -plugin /home/pengfei/riscv/ri5cy_gnu_toolchain/install/bin/../libexec/gcc/riscv32-unknown-elf/5.2.0/liblto_plugin.so -plugin-opt=/home/pengfei/riscv/ri5cy_gnu_toolchain/install/bin/../libexec/gcc/riscv32-unknown-elf/5.2.0/lto-wrapper -plugin-opt=-fresolution=/tmp/ccL49T1f.res -plugin-opt=-pass-through=-lgcc -plugin-opt=-pass-through=-lgcc -dT riscv.ld -melf32lriscv --march=IM -o cmTC_25872 /home/pengfei/riscv/ri5cy_gnu_toolchain/install/bin/../lib/gcc/riscv32-unknown-elf/5.2.0/../../../../riscv32-unknown-elf/lib/crt0.o /home/pengfei/riscv/ri5cy_gnu_toolchain/install/bin/../lib/gcc/riscv32-unknown-elf/5.2.0/crtbegin.o -L/home/pengfei/riscv/ri5cy_gnu_toolchain/install/bin/../lib/gcc/riscv32-unknown-elf/5.2.0 -L/home/pengfei/riscv/ri5cy_gnu_toolchain/install/bin/../lib/gcc -L/home/pengfei/riscv/ri5cy_gnu_toolchain/install/bin/../lib/gcc/riscv32-unknown-elf/5.2.0/../../../../riscv32-unknown-elf/lib CMakeFiles/cmTC_25872.dir/CMakeCCompilerABI.c.o -lgcc -lgcc /home/pengfei/riscv/ri5cy_gnu_toolchain/install/bin/../lib/gcc/riscv32-unknown-elf/5.2.0/crtend.o]
    arg [/home/pengfei/riscv/ri5cy_gnu_toolchain/install/bin/../libexec/gcc/riscv32-unknown-elf/5.2.0/collect2] ==> ignore
    arg [-plugin] ==> ignore
    arg [/home/pengfei/riscv/ri5cy_gnu_toolchain/install/bin/../libexec/gcc/riscv32-unknown-elf/5.2.0/liblto_plugin.so] ==> ignore
    arg [-plugin-opt=/home/pengfei/riscv/ri5cy_gnu_toolchain/install/bin/../libexec/gcc/riscv32-unknown-elf/5.2.0/lto-wrapper] ==> ignore
    arg [-plugin-opt=-fresolution=/tmp/ccL49T1f.res] ==> ignore
    arg [-plugin-opt=-pass-through=-lgcc] ==> ignore
    arg [-plugin-opt=-pass-through=-lgcc] ==> ignore
    arg [-dT] ==> ignore
    arg [riscv.ld] ==> ignore
    arg [-melf32lriscv] ==> ignore
    arg [--march=IM] ==> ignore
    arg [-o] ==> ignore
    arg [cmTC_25872] ==> ignore
    arg [/home/pengfei/riscv/ri5cy_gnu_toolchain/install/bin/../lib/gcc/riscv32-unknown-elf/5.2.0/../../../../riscv32-unknown-elf/lib/crt0.o] ==> ignore
    arg [/home/pengfei/riscv/ri5cy_gnu_toolchain/install/bin/../lib/gcc/riscv32-unknown-elf/5.2.0/crtbegin.o] ==> ignore
    arg [-L/home/pengfei/riscv/ri5cy_gnu_toolchain/install/bin/../lib/gcc/riscv32-unknown-elf/5.2.0] ==> dir [/home/pengfei/riscv/ri5cy_gnu_toolchain/install/bin/../lib/gcc/riscv32-unknown-elf/5.2.0]
    arg [-L/home/pengfei/riscv/ri5cy_gnu_toolchain/install/bin/../lib/gcc] ==> dir [/home/pengfei/riscv/ri5cy_gnu_toolchain/install/bin/../lib/gcc]
    arg [-L/home/pengfei/riscv/ri5cy_gnu_toolchain/install/bin/../lib/gcc/riscv32-unknown-elf/5.2.0/../../../../riscv32-unknown-elf/lib] ==> dir [/home/pengfei/riscv/ri5cy_gnu_toolchain/install/bin/../lib/gcc/riscv32-unknown-elf/5.2.0/../../../../riscv32-unknown-elf/lib]
    arg [CMakeFiles/cmTC_25872.dir/CMakeCCompilerABI.c.o] ==> ignore
    arg [-lgcc] ==> lib [gcc]
    arg [-lgcc] ==> lib [gcc]
    arg [/home/pengfei/riscv/ri5cy_gnu_toolchain/install/bin/../lib/gcc/riscv32-unknown-elf/5.2.0/crtend.o] ==> ignore
  remove lib [gcc]
  remove lib [gcc]
  collapse library dir [/home/pengfei/riscv/ri5cy_gnu_toolchain/install/bin/../lib/gcc/riscv32-unknown-elf/5.2.0] ==> [/home/pengfei/riscv/ri5cy_gnu_toolchain/install/lib/gcc/riscv32-unknown-elf/5.2.0]
  collapse library dir [/home/pengfei/riscv/ri5cy_gnu_toolchain/install/bin/../lib/gcc] ==> [/home/pengfei/riscv/ri5cy_gnu_toolchain/install/lib/gcc]
  collapse library dir [/home/pengfei/riscv/ri5cy_gnu_toolchain/install/bin/../lib/gcc/riscv32-unknown-elf/5.2.0/../../../../riscv32-unknown-elf/lib] ==> [/home/pengfei/riscv/ri5cy_gnu_toolchain/install/riscv32-unknown-elf/lib]
  implicit libs: []
  implicit dirs: [/home/pengfei/riscv/ri5cy_gnu_toolchain/install/lib/gcc/riscv32-unknown-elf/5.2.0;/home/pengfei/riscv/ri5cy_gnu_toolchain/install/lib/gcc;/home/pengfei/riscv/ri5cy_gnu_toolchain/install/riscv32-unknown-elf/lib]
  implicit fwks: []




Detecting C [-std=c11] compiler features compiled with the following output:
Change Dir: /home/pengfei/artix7-dev/sw/build/CMakeFiles/CMakeTmp

Run Build Command:"/usr/bin/make" "cmTC_20fa8/fast"
/usr/bin/make -f CMakeFiles/cmTC_20fa8.dir/build.make CMakeFiles/cmTC_20fa8.dir/build
make[1]: Entering directory '/home/pengfei/artix7-dev/sw/build/CMakeFiles/CMakeTmp'
Building C object CMakeFiles/cmTC_20fa8.dir/feature_tests.c.o
/home/pengfei/riscv/ri5cy_gnu_toolchain/install/bin//riscv32-unknown-elf-gcc    -O3 -m32 -g    -std=c11 -o CMakeFiles/cmTC_20fa8.dir/feature_tests.c.o   -c /home/pengfei/artix7-dev/sw/build/CMakeFiles/feature_tests.c
Linking C executable cmTC_20fa8
/usr/bin/cmake -E cmake_link_script CMakeFiles/cmTC_20fa8.dir/link.txt --verbose=1
/home/pengfei/riscv/ri5cy_gnu_toolchain/install/bin//riscv32-unknown-elf-gcc  -O3 -m32 -g     CMakeFiles/cmTC_20fa8.dir/feature_tests.c.o  -o cmTC_20fa8  
make[1]: Leaving directory '/home/pengfei/artix7-dev/sw/build/CMakeFiles/CMakeTmp'


    Feature record: C_FEATURE:1c_function_prototypes
    Feature record: C_FEATURE:1c_restrict
    Feature record: C_FEATURE:1c_static_assert
    Feature record: C_FEATURE:1c_variadic_macros


Detecting C [-std=c99] compiler features compiled with the following output:
Change Dir: /home/pengfei/artix7-dev/sw/build/CMakeFiles/CMakeTmp

Run Build Command:"/usr/bin/make" "cmTC_8f06f/fast"
/usr/bin/make -f CMakeFiles/cmTC_8f06f.dir/build.make CMakeFiles/cmTC_8f06f.dir/build
make[1]: Entering directory '/home/pengfei/artix7-dev/sw/build/CMakeFiles/CMakeTmp'
Building C object CMakeFiles/cmTC_8f06f.dir/feature_tests.c.o
/home/pengfei/riscv/ri5cy_gnu_toolchain/install/bin//riscv32-unknown-elf-gcc    -O3 -m32 -g    -std=c99 -o CMakeFiles/cmTC_8f06f.dir/feature_tests.c.o   -c /home/pengfei/artix7-dev/sw/build/CMakeFiles/feature_tests.c
Linking C executable cmTC_8f06f
/usr/bin/cmake -E cmake_link_script CMakeFiles/cmTC_8f06f.dir/link.txt --verbose=1
/home/pengfei/riscv/ri5cy_gnu_toolchain/install/bin//riscv32-unknown-elf-gcc  -O3 -m32 -g     CMakeFiles/cmTC_8f06f.dir/feature_tests.c.o  -o cmTC_8f06f  
make[1]: Leaving directory '/home/pengfei/artix7-dev/sw/build/CMakeFiles/CMakeTmp'


    Feature record: C_FEATURE:1c_function_prototypes
    Feature record: C_FEATURE:1c_restrict
    Feature record: C_FEATURE:0c_static_assert
    Feature record: C_FEATURE:1c_variadic_macros


Detecting C [-std=c90] compiler features compiled with the following output:
Change Dir: /home/pengfei/artix7-dev/sw/build/CMakeFiles/CMakeTmp

Run Build Command:"/usr/bin/make" "cmTC_ca797/fast"
/usr/bin/make -f CMakeFiles/cmTC_ca797.dir/build.make CMakeFiles/cmTC_ca797.dir/build
make[1]: Entering directory '/home/pengfei/artix7-dev/sw/build/CMakeFiles/CMakeTmp'
Building C object CMakeFiles/cmTC_ca797.dir/feature_tests.c.o
/home/pengfei/riscv/ri5cy_gnu_toolchain/install/bin//riscv32-unknown-elf-gcc    -O3 -m32 -g    -std=c90 -o CMakeFiles/cmTC_ca797.dir/feature_tests.c.o   -c /home/pengfei/artix7-dev/sw/build/CMakeFiles/feature_tests.c
Linking C executable cmTC_ca797
/usr/bin/cmake -E cmake_link_script CMakeFiles/cmTC_ca797.dir/link.txt --verbose=1
/home/pengfei/riscv/ri5cy_gnu_toolchain/install/bin//riscv32-unknown-elf-gcc  -O3 -m32 -g     CMakeFiles/cmTC_ca797.dir/feature_tests.c.o  -o cmTC_ca797  
make[1]: Leaving directory '/home/pengfei/artix7-dev/sw/build/CMakeFiles/CMakeTmp'


    Feature record: C_FEATURE:1c_function_prototypes
    Feature record: C_FEATURE:0c_restrict
    Feature record: C_FEATURE:0c_static_assert
    Feature record: C_FEATURE:0c_variadic_macros
Determining if the CXX compiler works passed with the following output:
Change Dir: /home/pengfei/artix7-dev/sw/build/CMakeFiles/CMakeTmp

Run Build Command:"/usr/bin/make" "cmTC_0661d/fast"
/usr/bin/make -f CMakeFiles/cmTC_0661d.dir/build.make CMakeFiles/cmTC_0661d.dir/build
make[1]: Entering directory '/home/pengfei/artix7-dev/sw/build/CMakeFiles/CMakeTmp'
Building CXX object CMakeFiles/cmTC_0661d.dir/testCXXCompiler.cxx.o
/home/pengfei/riscv/ri5cy_gnu_toolchain/install/bin/riscv32-unknown-elf-c++      -o CMakeFiles/cmTC_0661d.dir/testCXXCompiler.cxx.o -c /home/pengfei/artix7-dev/sw/build/CMakeFiles/CMakeTmp/testCXXCompiler.cxx
Linking CXX executable cmTC_0661d
/usr/bin/cmake -E cmake_link_script CMakeFiles/cmTC_0661d.dir/link.txt --verbose=1
/home/pengfei/riscv/ri5cy_gnu_toolchain/install/bin/riscv32-unknown-elf-c++        CMakeFiles/cmTC_0661d.dir/testCXXCompiler.cxx.o  -o cmTC_0661d  
make[1]: Leaving directory '/home/pengfei/artix7-dev/sw/build/CMakeFiles/CMakeTmp'


Detecting CXX compiler ABI info compiled with the following output:
Change Dir: /home/pengfei/artix7-dev/sw/build/CMakeFiles/CMakeTmp

Run Build Command:"/usr/bin/make" "cmTC_a571b/fast"
/usr/bin/make -f CMakeFiles/cmTC_a571b.dir/build.make CMakeFiles/cmTC_a571b.dir/build
make[1]: Entering directory '/home/pengfei/artix7-dev/sw/build/CMakeFiles/CMakeTmp'
Building CXX object CMakeFiles/cmTC_a571b.dir/CMakeCXXCompilerABI.cpp.o
/home/pengfei/riscv/ri5cy_gnu_toolchain/install/bin/riscv32-unknown-elf-c++      -o CMakeFiles/cmTC_a571b.dir/CMakeCXXCompilerABI.cpp.o -c /usr/share/cmake-3.5/Modules/CMakeCXXCompilerABI.cpp
Linking CXX executable cmTC_a571b
/usr/bin/cmake -E cmake_link_script CMakeFiles/cmTC_a571b.dir/link.txt --verbose=1
/home/pengfei/riscv/ri5cy_gnu_toolchain/install/bin/riscv32-unknown-elf-c++       -v CMakeFiles/cmTC_a571b.dir/CMakeCXXCompilerABI.cpp.o  -o cmTC_a571b   
Using built-in specs.
COLLECT_GCC=/home/pengfei/riscv/ri5cy_gnu_toolchain/install/bin/riscv32-unknown-elf-c++
COLLECT_LTO_WRAPPER=/home/pengfei/riscv/ri5cy_gnu_toolchain/install/bin/../libexec/gcc/riscv32-unknown-elf/5.2.0/lto-wrapper
Target: riscv32-unknown-elf
Configured with: /home/fyh/riscv/ri5cy_gnu_toolchain/build/src/newlib-gcc/configure --target=riscv32-unknown-elf --prefix=/home/fyh/riscv/ri5cy_gnu_toolchain/install --disable-shared --disable-threads --enable-tls --enable-languages=c,c++ --with-newlib --disable-libmudflap --disable-libssp --disable-libquadmath --disable-libgomp --disable-nls --disable-multilib --with-arch=IM
Thread model: single
gcc version 5.2.0 (GCC) 
COMPILER_PATH=/home/pengfei/riscv/ri5cy_gnu_toolchain/install/bin/../libexec/gcc/riscv32-unknown-elf/5.2.0/:/home/pengfei/riscv/ri5cy_gnu_toolchain/install/bin/../libexec/gcc/:/home/pengfei/riscv/ri5cy_gnu_toolchain/install/bin/../lib/gcc/riscv32-unknown-elf/5.2.0/../../../../riscv32-unknown-elf/bin/
LIBRARY_PATH=/home/pengfei/riscv/ri5cy_gnu_toolchain/install/bin/../lib/gcc/riscv32-unknown-elf/5.2.0/:/home/pengfei/riscv/ri5cy_gnu_toolchain/install/bin/../lib/gcc/:/home/pengfei/riscv/ri5cy_gnu_toolchain/install/bin/../lib/gcc/riscv32-unknown-elf/5.2.0/../../../../riscv32-unknown-elf/lib/
COLLECT_GCC_OPTIONS='-v' '-o' 'cmTC_a571b' '-march=IM'
 /home/pengfei/riscv/ri5cy_gnu_toolchain/install/bin/../libexec/gcc/riscv32-unknown-elf/5.2.0/collect2 -plugin /home/pengfei/riscv/ri5cy_gnu_toolchain/install/bin/../libexec/gcc/riscv32-unknown-elf/5.2.0/liblto_plugin.so -plugin-opt=/home/pengfei/riscv/ri5cy_gnu_toolchain/install/bin/../libexec/gcc/riscv32-unknown-elf/5.2.0/lto-wrapper -plugin-opt=-fresolution=/tmp/ccroSqxj.res -plugin-opt=-pass-through=-lgcc -plugin-opt=-pass-through=-lgcc -dT riscv.ld --march=IM -o cmTC_a571b /home/pengfei/riscv/ri5cy_gnu_toolchain/install/bin/../lib/gcc/riscv32-unknown-elf/5.2.0/../../../../riscv32-unknown-elf/lib/crt0.o /home/pengfei/riscv/ri5cy_gnu_toolchain/install/bin/../lib/gcc/riscv32-unknown-elf/5.2.0/crtbegin.o -L/home/pengfei/riscv/ri5cy_gnu_toolchain/install/bin/../lib/gcc/riscv32-unknown-elf/5.2.0 -L/home/pengfei/riscv/ri5cy_gnu_toolchain/install/bin/../lib/gcc -L/home/pengfei/riscv/ri5cy_gnu_toolchain/install/bin/../lib/gcc/riscv32-unknown-elf/5.2.0/../../../../riscv32-unknown-elf/lib CMakeFiles/cmTC_a571b.dir/CMakeCXXCompilerABI.cpp.o -lstdc++ -lm -lgcc -lgcc /home/pengfei/riscv/ri5cy_gnu_toolchain/install/bin/../lib/gcc/riscv32-unknown-elf/5.2.0/crtend.o
make[1]: Leaving directory '/home/pengfei/artix7-dev/sw/build/CMakeFiles/CMakeTmp'


Parsed CXX implicit link information from above output:
  link line regex: [^( *|.*[/\])(riscv32-unknown-elf-ld|([^/\]+-)?ld|collect2)[^/\]*( |$)]
  ignore line: [Change Dir: /home/pengfei/artix7-dev/sw/build/CMakeFiles/CMakeTmp]
  ignore line: []
  ignore line: [Run Build Command:"/usr/bin/make" "cmTC_a571b/fast"]
  ignore line: [/usr/bin/make -f CMakeFiles/cmTC_a571b.dir/build.make CMakeFiles/cmTC_a571b.dir/build]
  ignore line: [make[1]: Entering directory '/home/pengfei/artix7-dev/sw/build/CMakeFiles/CMakeTmp']
  ignore line: [Building CXX object CMakeFiles/cmTC_a571b.dir/CMakeCXXCompilerABI.cpp.o]
  ignore line: [/home/pengfei/riscv/ri5cy_gnu_toolchain/install/bin/riscv32-unknown-elf-c++      -o CMakeFiles/cmTC_a571b.dir/CMakeCXXCompilerABI.cpp.o -c /usr/share/cmake-3.5/Modules/CMakeCXXCompilerABI.cpp]
  ignore line: [Linking CXX executable cmTC_a571b]
  ignore line: [/usr/bin/cmake -E cmake_link_script CMakeFiles/cmTC_a571b.dir/link.txt --verbose=1]
  ignore line: [/home/pengfei/riscv/ri5cy_gnu_toolchain/install/bin/riscv32-unknown-elf-c++       -v CMakeFiles/cmTC_a571b.dir/CMakeCXXCompilerABI.cpp.o  -o cmTC_a571b   ]
  ignore line: [Using built-in specs.]
  ignore line: [COLLECT_GCC=/home/pengfei/riscv/ri5cy_gnu_toolchain/install/bin/riscv32-unknown-elf-c++]
  ignore line: [COLLECT_LTO_WRAPPER=/home/pengfei/riscv/ri5cy_gnu_toolchain/install/bin/../libexec/gcc/riscv32-unknown-elf/5.2.0/lto-wrapper]
  ignore line: [Target: riscv32-unknown-elf]
  ignore line: [Configured with: /home/fyh/riscv/ri5cy_gnu_toolchain/build/src/newlib-gcc/configure --target=riscv32-unknown-elf --prefix=/home/fyh/riscv/ri5cy_gnu_toolchain/install --disable-shared --disable-threads --enable-tls --enable-languages=c,c++ --with-newlib --disable-libmudflap --disable-libssp --disable-libquadmath --disable-libgomp --disable-nls --disable-multilib --with-arch=IM]
  ignore line: [Thread model: single]
  ignore line: [gcc version 5.2.0 (GCC) ]
  ignore line: [COMPILER_PATH=/home/pengfei/riscv/ri5cy_gnu_toolchain/install/bin/../libexec/gcc/riscv32-unknown-elf/5.2.0/:/home/pengfei/riscv/ri5cy_gnu_toolchain/install/bin/../libexec/gcc/:/home/pengfei/riscv/ri5cy_gnu_toolchain/install/bin/../lib/gcc/riscv32-unknown-elf/5.2.0/../../../../riscv32-unknown-elf/bin/]
  ignore line: [LIBRARY_PATH=/home/pengfei/riscv/ri5cy_gnu_toolchain/install/bin/../lib/gcc/riscv32-unknown-elf/5.2.0/:/home/pengfei/riscv/ri5cy_gnu_toolchain/install/bin/../lib/gcc/:/home/pengfei/riscv/ri5cy_gnu_toolchain/install/bin/../lib/gcc/riscv32-unknown-elf/5.2.0/../../../../riscv32-unknown-elf/lib/]
  ignore line: [COLLECT_GCC_OPTIONS='-v' '-o' 'cmTC_a571b' '-march=IM']
  link line: [ /home/pengfei/riscv/ri5cy_gnu_toolchain/install/bin/../libexec/gcc/riscv32-unknown-elf/5.2.0/collect2 -plugin /home/pengfei/riscv/ri5cy_gnu_toolchain/install/bin/../libexec/gcc/riscv32-unknown-elf/5.2.0/liblto_plugin.so -plugin-opt=/home/pengfei/riscv/ri5cy_gnu_toolchain/install/bin/../libexec/gcc/riscv32-unknown-elf/5.2.0/lto-wrapper -plugin-opt=-fresolution=/tmp/ccroSqxj.res -plugin-opt=-pass-through=-lgcc -plugin-opt=-pass-through=-lgcc -dT riscv.ld --march=IM -o cmTC_a571b /home/pengfei/riscv/ri5cy_gnu_toolchain/install/bin/../lib/gcc/riscv32-unknown-elf/5.2.0/../../../../riscv32-unknown-elf/lib/crt0.o /home/pengfei/riscv/ri5cy_gnu_toolchain/install/bin/../lib/gcc/riscv32-unknown-elf/5.2.0/crtbegin.o -L/home/pengfei/riscv/ri5cy_gnu_toolchain/install/bin/../lib/gcc/riscv32-unknown-elf/5.2.0 -L/home/pengfei/riscv/ri5cy_gnu_toolchain/install/bin/../lib/gcc -L/home/pengfei/riscv/ri5cy_gnu_toolchain/install/bin/../lib/gcc/riscv32-unknown-elf/5.2.0/../../../../riscv32-unknown-elf/lib CMakeFiles/cmTC_a571b.dir/CMakeCXXCompilerABI.cpp.o -lstdc++ -lm -lgcc -lgcc /home/pengfei/riscv/ri5cy_gnu_toolchain/install/bin/../lib/gcc/riscv32-unknown-elf/5.2.0/crtend.o]
    arg [/home/pengfei/riscv/ri5cy_gnu_toolchain/install/bin/../libexec/gcc/riscv32-unknown-elf/5.2.0/collect2] ==> ignore
    arg [-plugin] ==> ignore
    arg [/home/pengfei/riscv/ri5cy_gnu_toolchain/install/bin/../libexec/gcc/riscv32-unknown-elf/5.2.0/liblto_plugin.so] ==> ignore
    arg [-plugin-opt=/home/pengfei/riscv/ri5cy_gnu_toolchain/install/bin/../libexec/gcc/riscv32-unknown-elf/5.2.0/lto-wrapper] ==> ignore
    arg [-plugin-opt=-fresolution=/tmp/ccroSqxj.res] ==> ignore
    arg [-plugin-opt=-pass-through=-lgcc] ==> ignore
    arg [-plugin-opt=-pass-through=-lgcc] ==> ignore
    arg [-dT] ==> ignore
    arg [riscv.ld] ==> ignore
    arg [--march=IM] ==> ignore
    arg [-o] ==> ignore
    arg [cmTC_a571b] ==> ignore
    arg [/home/pengfei/riscv/ri5cy_gnu_toolchain/install/bin/../lib/gcc/riscv32-unknown-elf/5.2.0/../../../../riscv32-unknown-elf/lib/crt0.o] ==> ignore
    arg [/home/pengfei/riscv/ri5cy_gnu_toolchain/install/bin/../lib/gcc/riscv32-unknown-elf/5.2.0/crtbegin.o] ==> ignore
    arg [-L/home/pengfei/riscv/ri5cy_gnu_toolchain/install/bin/../lib/gcc/riscv32-unknown-elf/5.2.0] ==> dir [/home/pengfei/riscv/ri5cy_gnu_toolchain/install/bin/../lib/gcc/riscv32-unknown-elf/5.2.0]
    arg [-L/home/pengfei/riscv/ri5cy_gnu_toolchain/install/bin/../lib/gcc] ==> dir [/home/pengfei/riscv/ri5cy_gnu_toolchain/install/bin/../lib/gcc]
    arg [-L/home/pengfei/riscv/ri5cy_gnu_toolchain/install/bin/../lib/gcc/riscv32-unknown-elf/5.2.0/../../../../riscv32-unknown-elf/lib] ==> dir [/home/pengfei/riscv/ri5cy_gnu_toolchain/install/bin/../lib/gcc/riscv32-unknown-elf/5.2.0/../../../../riscv32-unknown-elf/lib]
    arg [CMakeFiles/cmTC_a571b.dir/CMakeCXXCompilerABI.cpp.o] ==> ignore
    arg [-lstdc++] ==> lib [stdc++]
    arg [-lm] ==> lib [m]
    arg [-lgcc] ==> lib [gcc]
    arg [-lgcc] ==> lib [gcc]
    arg [/home/pengfei/riscv/ri5cy_gnu_toolchain/install/bin/../lib/gcc/riscv32-unknown-elf/5.2.0/crtend.o] ==> ignore
  remove lib [gcc]
  remove lib [gcc]
  collapse library dir [/home/pengfei/riscv/ri5cy_gnu_toolchain/install/bin/../lib/gcc/riscv32-unknown-elf/5.2.0] ==> [/home/pengfei/riscv/ri5cy_gnu_toolchain/install/lib/gcc/riscv32-unknown-elf/5.2.0]
  collapse library dir [/home/pengfei/riscv/ri5cy_gnu_toolchain/install/bin/../lib/gcc] ==> [/home/pengfei/riscv/ri5cy_gnu_toolchain/install/lib/gcc]
  collapse library dir [/home/pengfei/riscv/ri5cy_gnu_toolchain/install/bin/../lib/gcc/riscv32-unknown-elf/5.2.0/../../../../riscv32-unknown-elf/lib] ==> [/home/pengfei/riscv/ri5cy_gnu_toolchain/install/riscv32-unknown-elf/lib]
  implicit libs: [stdc++;m]
  implicit dirs: [/home/pengfei/riscv/ri5cy_gnu_toolchain/install/lib/gcc/riscv32-unknown-elf/5.2.0;/home/pengfei/riscv/ri5cy_gnu_toolchain/install/lib/gcc;/home/pengfei/riscv/ri5cy_gnu_toolchain/install/riscv32-unknown-elf/lib]
  implicit fwks: []




Detecting CXX [-std=c++14] compiler features compiled with the following output:
Change Dir: /home/pengfei/artix7-dev/sw/build/CMakeFiles/CMakeTmp

Run Build Command:"/usr/bin/make" "cmTC_06d30/fast"
/usr/bin/make -f CMakeFiles/cmTC_06d30.dir/build.make CMakeFiles/cmTC_06d30.dir/build
make[1]: Entering directory '/home/pengfei/artix7-dev/sw/build/CMakeFiles/CMakeTmp'
Building CXX object CMakeFiles/cmTC_06d30.dir/feature_tests.cxx.o
/home/pengfei/riscv/ri5cy_gnu_toolchain/install/bin/riscv32-unknown-elf-c++     -std=c++14 -o CMakeFiles/cmTC_06d30.dir/feature_tests.cxx.o -c /home/pengfei/artix7-dev/sw/build/CMakeFiles/feature_tests.cxx
Linking CXX executable cmTC_06d30
/usr/bin/cmake -E cmake_link_script CMakeFiles/cmTC_06d30.dir/link.txt --verbose=1
/home/pengfei/riscv/ri5cy_gnu_toolchain/install/bin/riscv32-unknown-elf-c++        CMakeFiles/cmTC_06d30.dir/feature_tests.cxx.o  -o cmTC_06d30  
make[1]: Leaving directory '/home/pengfei/artix7-dev/sw/build/CMakeFiles/CMakeTmp'


    Feature record: CXX_FEATURE:1cxx_aggregate_default_initializers
    Feature record: CXX_FEATURE:1cxx_alias_templates
    Feature record: CXX_FEATURE:1cxx_alignas
    Feature record: CXX_FEATURE:1cxx_alignof
    Feature record: CXX_FEATURE:1cxx_attributes
    Feature record: CXX_FEATURE:1cxx_attribute_deprecated
    Feature record: CXX_FEATURE:1cxx_auto_type
    Feature record: CXX_FEATURE:1cxx_binary_literals
    Feature record: CXX_FEATURE:1cxx_constexpr
    Feature record: CXX_FEATURE:1cxx_contextual_conversions
    Feature record: CXX_FEATURE:1cxx_decltype
    Feature record: CXX_FEATURE:1cxx_decltype_auto
    Feature record: CXX_FEATURE:1cxx_decltype_incomplete_return_types
    Feature record: CXX_FEATURE:1cxx_default_function_template_args
    Feature record: CXX_FEATURE:1cxx_defaulted_functions
    Feature record: CXX_FEATURE:1cxx_defaulted_move_initializers
    Feature record: CXX_FEATURE:1cxx_delegating_constructors
    Feature record: CXX_FEATURE:1cxx_deleted_functions
    Feature record: CXX_FEATURE:1cxx_digit_separators
    Feature record: CXX_FEATURE:1cxx_enum_forward_declarations
    Feature record: CXX_FEATURE:1cxx_explicit_conversions
    Feature record: CXX_FEATURE:1cxx_extended_friend_declarations
    Feature record: CXX_FEATURE:1cxx_extern_templates
    Feature record: CXX_FEATURE:1cxx_final
    Feature record: CXX_FEATURE:1cxx_func_identifier
    Feature record: CXX_FEATURE:1cxx_generalized_initializers
    Feature record: CXX_FEATURE:1cxx_generic_lambdas
    Feature record: CXX_FEATURE:1cxx_inheriting_constructors
    Feature record: CXX_FEATURE:1cxx_inline_namespaces
    Feature record: CXX_FEATURE:1cxx_lambdas
    Feature record: CXX_FEATURE:1cxx_lambda_init_captures
    Feature record: CXX_FEATURE:1cxx_local_type_template_args
    Feature record: CXX_FEATURE:1cxx_long_long_type
    Feature record: CXX_FEATURE:1cxx_noexcept
    Feature record: CXX_FEATURE:1cxx_nonstatic_member_init
    Feature record: CXX_FEATURE:1cxx_nullptr
    Feature record: CXX_FEATURE:1cxx_override
    Feature record: CXX_FEATURE:1cxx_range_for
    Feature record: CXX_FEATURE:1cxx_raw_string_literals
    Feature record: CXX_FEATURE:1cxx_reference_qualified_functions
    Feature record: CXX_FEATURE:1cxx_relaxed_constexpr
    Feature record: CXX_FEATURE:1cxx_return_type_deduction
    Feature record: CXX_FEATURE:1cxx_right_angle_brackets
    Feature record: CXX_FEATURE:1cxx_rvalue_references
    Feature record: CXX_FEATURE:1cxx_sizeof_member
    Feature record: CXX_FEATURE:1cxx_static_assert
    Feature record: CXX_FEATURE:1cxx_strong_enums
    Feature record: CXX_FEATURE:1cxx_template_template_parameters
    Feature record: CXX_FEATURE:1cxx_thread_local
    Feature record: CXX_FEATURE:1cxx_trailing_return_types
    Feature record: CXX_FEATURE:1cxx_unicode_literals
    Feature record: CXX_FEATURE:1cxx_uniform_initialization
    Feature record: CXX_FEATURE:1cxx_unrestricted_unions
    Feature record: CXX_FEATURE:1cxx_user_literals
    Feature record: CXX_FEATURE:1cxx_variable_templates
    Feature record: CXX_FEATURE:1cxx_variadic_macros
    Feature record: CXX_FEATURE:1cxx_variadic_templates


Detecting CXX [-std=c++11] compiler features compiled with the following output:
Change Dir: /home/pengfei/artix7-dev/sw/build/CMakeFiles/CMakeTmp

Run Build Command:"/usr/bin/make" "cmTC_57ce1/fast"
/usr/bin/make -f CMakeFiles/cmTC_57ce1.dir/build.make CMakeFiles/cmTC_57ce1.dir/build
make[1]: Entering directory '/home/pengfei/artix7-dev/sw/build/CMakeFiles/CMakeTmp'
Building CXX object CMakeFiles/cmTC_57ce1.dir/feature_tests.cxx.o
/home/pengfei/riscv/ri5cy_gnu_toolchain/install/bin/riscv32-unknown-elf-c++     -std=c++11 -o CMakeFiles/cmTC_57ce1.dir/feature_tests.cxx.o -c /home/pengfei/artix7-dev/sw/build/CMakeFiles/feature_tests.cxx
Linking CXX executable cmTC_57ce1
/usr/bin/cmake -E cmake_link_script CMakeFiles/cmTC_57ce1.dir/link.txt --verbose=1
/home/pengfei/riscv/ri5cy_gnu_toolchain/install/bin/riscv32-unknown-elf-c++        CMakeFiles/cmTC_57ce1.dir/feature_tests.cxx.o  -o cmTC_57ce1  
make[1]: Leaving directory '/home/pengfei/artix7-dev/sw/build/CMakeFiles/CMakeTmp'


    Feature record: CXX_FEATURE:0cxx_aggregate_default_initializers
    Feature record: CXX_FEATURE:1cxx_alias_templates
    Feature record: CXX_FEATURE:1cxx_alignas
    Feature record: CXX_FEATURE:1cxx_alignof
    Feature record: CXX_FEATURE:1cxx_attributes
    Feature record: CXX_FEATURE:0cxx_attribute_deprecated
    Feature record: CXX_FEATURE:1cxx_auto_type
    Feature record: CXX_FEATURE:0cxx_binary_literals
    Feature record: CXX_FEATURE:1cxx_constexpr
    Feature record: CXX_FEATURE:0cxx_contextual_conversions
    Feature record: CXX_FEATURE:1cxx_decltype
    Feature record: CXX_FEATURE:0cxx_decltype_auto
    Feature record: CXX_FEATURE:1cxx_decltype_incomplete_return_types
    Feature record: CXX_FEATURE:1cxx_default_function_template_args
    Feature record: CXX_FEATURE:1cxx_defaulted_functions
    Feature record: CXX_FEATURE:1cxx_defaulted_move_initializers
    Feature record: CXX_FEATURE:1cxx_delegating_constructors
    Feature record: CXX_FEATURE:1cxx_deleted_functions
    Feature record: CXX_FEATURE:0cxx_digit_separators
    Feature record: CXX_FEATURE:1cxx_enum_forward_declarations
    Feature record: CXX_FEATURE:1cxx_explicit_conversions
    Feature record: CXX_FEATURE:1cxx_extended_friend_declarations
    Feature record: CXX_FEATURE:1cxx_extern_templates
    Feature record: CXX_FEATURE:1cxx_final
    Feature record: CXX_FEATURE:1cxx_func_identifier
    Feature record: CXX_FEATURE:1cxx_generalized_initializers
    Feature record: CXX_FEATURE:0cxx_generic_lambdas
    Feature record: CXX_FEATURE:1cxx_inheriting_constructors
    Feature record: CXX_FEATURE:1cxx_inline_namespaces
    Feature record: CXX_FEATURE:1cxx_lambdas
    Feature record: CXX_FEATURE:0cxx_lambda_init_captures
    Feature record: CXX_FEATURE:1cxx_local_type_template_args
    Feature record: CXX_FEATURE:1cxx_long_long_type
    Feature record: CXX_FEATURE:1cxx_noexcept
    Feature record: CXX_FEATURE:1cxx_nonstatic_member_init
    Feature record: CXX_FEATURE:1cxx_nullptr
    Feature record: CXX_FEATURE:1cxx_override
    Feature record: CXX_FEATURE:1cxx_range_for
    Feature record: CXX_FEATURE:1cxx_raw_string_literals
    Feature record: CXX_FEATURE:1cxx_reference_qualified_functions
    Feature record: CXX_FEATURE:0cxx_relaxed_constexpr
    Feature record: CXX_FEATURE:0cxx_return_type_deduction
    Feature record: CXX_FEATURE:1cxx_right_angle_brackets
    Feature record: CXX_FEATURE:1cxx_rvalue_references
    Feature record: CXX_FEATURE:1cxx_sizeof_member
    Feature record: CXX_FEATURE:1cxx_static_assert
    Feature record: CXX_FEATURE:1cxx_strong_enums
    Feature record: CXX_FEATURE:1cxx_template_template_parameters
    Feature record: CXX_FEATURE:1cxx_thread_local
    Feature record: CXX_FEATURE:1cxx_trailing_return_types
    Feature record: CXX_FEATURE:1cxx_unicode_literals
    Feature record: CXX_FEATURE:1cxx_uniform_initialization
    Feature record: CXX_FEATURE:1cxx_unrestricted_unions
    Feature record: CXX_FEATURE:1cxx_user_literals
    Feature record: CXX_FEATURE:0cxx_variable_templates
    Feature record: CXX_FEATURE:1cxx_variadic_macros
    Feature record: CXX_FEATURE:1cxx_variadic_templates


Detecting CXX [-std=c++98] compiler features compiled with the following output:
Change Dir: /home/pengfei/artix7-dev/sw/build/CMakeFiles/CMakeTmp

Run Build Command:"/usr/bin/make" "cmTC_53447/fast"
/usr/bin/make -f CMakeFiles/cmTC_53447.dir/build.make CMakeFiles/cmTC_53447.dir/build
make[1]: Entering directory '/home/pengfei/artix7-dev/sw/build/CMakeFiles/CMakeTmp'
Building CXX object CMakeFiles/cmTC_53447.dir/feature_tests.cxx.o
/home/pengfei/riscv/ri5cy_gnu_toolchain/install/bin/riscv32-unknown-elf-c++     -std=c++98 -o CMakeFiles/cmTC_53447.dir/feature_tests.cxx.o -c /home/pengfei/artix7-dev/sw/build/CMakeFiles/feature_tests.cxx
Linking CXX executable cmTC_53447
/usr/bin/cmake -E cmake_link_script CMakeFiles/cmTC_53447.dir/link.txt --verbose=1
/home/pengfei/riscv/ri5cy_gnu_toolchain/install/bin/riscv32-unknown-elf-c++        CMakeFiles/cmTC_53447.dir/feature_tests.cxx.o  -o cmTC_53447  
make[1]: Leaving directory '/home/pengfei/artix7-dev/sw/build/CMakeFiles/CMakeTmp'


    Feature record: CXX_FEATURE:0cxx_aggregate_default_initializers
    Feature record: CXX_FEATURE:0cxx_alias_templates
    Feature record: CXX_FEATURE:0cxx_alignas
    Feature record: CXX_FEATURE:0cxx_alignof
    Feature record: CXX_FEATURE:0cxx_attributes
    Feature record: CXX_FEATURE:0cxx_attribute_deprecated
    Feature record: CXX_FEATURE:0cxx_auto_type
    Feature record: CXX_FEATURE:0cxx_binary_literals
    Feature record: CXX_FEATURE:0cxx_constexpr
    Feature record: CXX_FEATURE:0cxx_contextual_conversions
    Feature record: CXX_FEATURE:0cxx_decltype
    Feature record: CXX_FEATURE:0cxx_decltype_auto
    Feature record: CXX_FEATURE:0cxx_decltype_incomplete_return_types
    Feature record: CXX_FEATURE:0cxx_default_function_template_args
    Feature record: CXX_FEATURE:0cxx_defaulted_functions
    Feature record: CXX_FEATURE:0cxx_defaulted_move_initializers
    Feature record: CXX_FEATURE:0cxx_delegating_constructors
    Feature record: CXX_FEATURE:0cxx_deleted_functions
    Feature record: CXX_FEATURE:0cxx_digit_separators
    Feature record: CXX_FEATURE:0cxx_enum_forward_declarations
    Feature record: CXX_FEATURE:0cxx_explicit_conversions
    Feature record: CXX_FEATURE:0cxx_extended_friend_declarations
    Feature record: CXX_FEATURE:0cxx_extern_templates
    Feature record: CXX_FEATURE:0cxx_final
    Feature record: CXX_FEATURE:0cxx_func_identifier
    Feature record: CXX_FEATURE:0cxx_generalized_initializers
    Feature record: CXX_FEATURE:0cxx_generic_lambdas
    Feature record: CXX_FEATURE:0cxx_inheriting_constructors
    Feature record: CXX_FEATURE:0cxx_inline_namespaces
    Feature record: CXX_FEATURE:0cxx_lambdas
    Feature record: CXX_FEATURE:0cxx_lambda_init_captures
    Feature record: CXX_FEATURE:0cxx_local_type_template_args
    Feature record: CXX_FEATURE:0cxx_long_long_type
    Feature record: CXX_FEATURE:0cxx_noexcept
    Feature record: CXX_FEATURE:0cxx_nonstatic_member_init
    Feature record: CXX_FEATURE:0cxx_nullptr
    Feature record: CXX_FEATURE:0cxx_override
    Feature record: CXX_FEATURE:0cxx_range_for
    Feature record: CXX_FEATURE:0cxx_raw_string_literals
    Feature record: CXX_FEATURE:0cxx_reference_qualified_functions
    Feature record: CXX_FEATURE:0cxx_relaxed_constexpr
    Feature record: CXX_FEATURE:0cxx_return_type_deduction
    Feature record: CXX_FEATURE:0cxx_right_angle_brackets
    Feature record: CXX_FEATURE:0cxx_rvalue_references
    Feature record: CXX_FEATURE:0cxx_sizeof_member
    Feature record: CXX_FEATURE:0cxx_static_assert
    Feature record: CXX_FEATURE:0cxx_strong_enums
    Feature record: CXX_FEATURE:1cxx_template_template_parameters
    Feature record: CXX_FEATURE:0cxx_thread_local
    Feature record: CXX_FEATURE:0cxx_trailing_return_types
    Feature record: CXX_FEATURE:0cxx_unicode_literals
    Feature record: CXX_FEATURE:0cxx_uniform_initialization
    Feature record: CXX_FEATURE:0cxx_unrestricted_unions
    Feature record: CXX_FEATURE:0cxx_user_literals
    Feature record: CXX_FEATURE:0cxx_variable_templates
    Feature record: CXX_FEATURE:0cxx_variadic_macros
    Feature record: CXX_FEATURE:0cxx_variadic_templates
